Vivado Simulator 2019.1
Copyright 1986-1999, 2001-2019 Xilinx, Inc. All Rights Reserved.
Running: /home/it/Desktop/vivado/Vivado_2019_setup/Xilinx/Vivado/Vivado/2019.1/bin/unwrapped/lnx64.o/xelab -wto db56e65cb1a4468da04c262c64b59532 --incr --debug typical --relax --mt 8 -L xil_defaultlib -L unisims_ver -L unimacro_ver -L secureip --snapshot tb_counter_4bit2_behav xil_defaultlib.tb_counter_4bit2 xil_defaultlib.glbl -log elaborate.log 
Using 8 slave threads.
Starting static elaboration
Completed static elaboration
Starting simulation data flow analysis
WARNING: [XSIM 43-4099] "/home/it/Downloads/EXAMDEBUG/cx-203-debugging-exam/4-bit-counter/counter_4bit.sv" Line 1. Module counter_4bit doesn't have a timescale but at least one module in design has a timescale.
WARNING: [XSIM 43-4099] "/home/it/Downloads/EXAMDEBUG/cx-203-debugging-exam/4-bit-counter/mux2x1.sv" Line 1. Module mux2x1 doesn't have a timescale but at least one module in design has a timescale.
WARNING: [XSIM 43-4099] "/home/it/Downloads/EXAMDEBUG/cx-203-debugging-exam/4-bit-counter/mux2x1.sv" Line 1. Module mux2x1 doesn't have a timescale but at least one module in design has a timescale.
WARNING: [XSIM 43-4099] "/home/it/Downloads/EXAMDEBUG/cx-203-debugging-exam/4-bit-counter/mux2x1.sv" Line 1. Module mux2x1 doesn't have a timescale but at least one module in design has a timescale.
WARNING: [XSIM 43-4099] "/home/it/Downloads/EXAMDEBUG/cx-203-debugging-exam/4-bit-counter/mux2x1.sv" Line 1. Module mux2x1 doesn't have a timescale but at least one module in design has a timescale.
WARNING: [XSIM 43-4099] "/home/it/Downloads/EXAMDEBUG/cx-203-debugging-exam/4-bit-counter/d_flipflop.sv" Line 1. Module d_flipflop doesn't have a timescale but at least one module in design has a timescale.
WARNING: [XSIM 43-4099] "/home/it/Downloads/EXAMDEBUG/cx-203-debugging-exam/4-bit-counter/d_latch_asyn_rstn.sv" Line 1. Module d_latch_asyn_rstn doesn't have a timescale but at least one module in design has a timescale.
WARNING: [XSIM 43-4099] "/home/it/Downloads/EXAMDEBUG/cx-203-debugging-exam/4-bit-counter/d_latch_asyn_rstn.sv" Line 1. Module d_latch_asyn_rstn doesn't have a timescale but at least one module in design has a timescale.
WARNING: [XSIM 43-4099] "/home/it/Downloads/EXAMDEBUG/cx-203-debugging-exam/4-bit-counter/d_flipflop.sv" Line 1. Module d_flipflop doesn't have a timescale but at least one module in design has a timescale.
WARNING: [XSIM 43-4099] "/home/it/Downloads/EXAMDEBUG/cx-203-debugging-exam/4-bit-counter/d_latch_asyn_rstn.sv" Line 1. Module d_latch_asyn_rstn doesn't have a timescale but at least one module in design has a timescale.
WARNING: [XSIM 43-4099] "/home/it/Downloads/EXAMDEBUG/cx-203-debugging-exam/4-bit-counter/d_latch_asyn_rstn.sv" Line 1. Module d_latch_asyn_rstn doesn't have a timescale but at least one module in design has a timescale.
WARNING: [XSIM 43-4099] "/home/it/Downloads/EXAMDEBUG/cx-203-debugging-exam/4-bit-counter/d_flipflop.sv" Line 1. Module d_flipflop doesn't have a timescale but at least one module in design has a timescale.
WARNING: [XSIM 43-4099] "/home/it/Downloads/EXAMDEBUG/cx-203-debugging-exam/4-bit-counter/d_latch_asyn_rstn.sv" Line 1. Module d_latch_asyn_rstn doesn't have a timescale but at least one module in design has a timescale.
WARNING: [XSIM 43-4099] "/home/it/Downloads/EXAMDEBUG/cx-203-debugging-exam/4-bit-counter/d_latch_asyn_rstn.sv" Line 1. Module d_latch_asyn_rstn doesn't have a timescale but at least one module in design has a timescale.
WARNING: [XSIM 43-4099] "/home/it/Downloads/EXAMDEBUG/cx-203-debugging-exam/4-bit-counter/d_flipflop.sv" Line 1. Module d_flipflop doesn't have a timescale but at least one module in design has a timescale.
WARNING: [XSIM 43-4099] "/home/it/Downloads/EXAMDEBUG/cx-203-debugging-exam/4-bit-counter/d_latch_asyn_rstn.sv" Line 1. Module d_latch_asyn_rstn doesn't have a timescale but at least one module in design has a timescale.
WARNING: [XSIM 43-4099] "/home/it/Downloads/EXAMDEBUG/cx-203-debugging-exam/4-bit-counter/d_latch_asyn_rstn.sv" Line 1. Module d_latch_asyn_rstn doesn't have a timescale but at least one module in design has a timescale.
Completed simulation data flow analysis
Time Resolution for simulation is 1ps
Compiling module xil_defaultlib.mux2x1
Compiling module xil_defaultlib.d_latch_asyn_rstn
Compiling module xil_defaultlib.d_flipflop
Compiling module xil_defaultlib.counter_4bit
Compiling module xil_defaultlib.tb_counter_4bit2
Compiling module xil_defaultlib.glbl
Built simulation snapshot tb_counter_4bit2_behav
